configure: Configuration created at Sat Nov 12 16:11:08 CST 2022.
checking for basename... /usr/bin/basename
checking for dirname... /usr/bin/dirname
checking for file... /usr/bin/file
checking for ldd... /usr/bin/ldd
checking for bash... /usr/bin/bash
checking for cat... /usr/bin/cat
checking for chmod... /usr/bin/chmod
checking for cp... /usr/bin/cp
checking for cut... /usr/bin/cut
checking for date... /usr/bin/date
checking for gdiff... [not found]
checking for diff... /usr/bin/diff
checking for echo... echo [builtin]
checking for expr... /usr/bin/expr
checking for find... /usr/bin/find
checking for gunzip... /usr/bin/gunzip
checking for pigz... [not found]
checking for gzip... /usr/bin/gzip
checking for head... /usr/bin/head
checking for ln... /usr/bin/ln
checking for ls... /usr/bin/ls
checking for gmkdir... [not found]
checking for mkdir... /usr/bin/mkdir
checking for mktemp... /usr/bin/mktemp
checking for mv... /usr/bin/mv
checking for gawk... /usr/bin/gawk
checking for printf... printf [builtin]
checking for rm... /usr/bin/rm
checking for rmdir... /usr/bin/rmdir
checking for sh... /usr/bin/sh
checking for sort... /usr/bin/sort
checking for tail... /usr/bin/tail
checking for gtar... [not found]
checking for tar... /usr/bin/tar
checking for tee... /usr/bin/tee
checking for touch... /usr/bin/touch
checking for tr... /usr/bin/tr
checking for uname... /usr/bin/uname
checking for wc... /usr/bin/wc
checking for xargs... /usr/bin/xargs
checking for grep that handles long lines and -e... /usr/bin/grep
checking for egrep... /usr/bin/grep -E
checking for fgrep... /usr/bin/grep -F
checking for a sed that does not truncate output... /usr/bin/sed
checking for df... /usr/bin/df
checking for nice... /usr/bin/nice
checking for greadlink... [not found]
checking for readlink... /usr/bin/readlink
checking for cygpath... [not found]
checking for wslpath... /usr/bin/wslpath
checking for lsb_release... /usr/bin/lsb_release
checking for cmd.exe... /mnt/c/Windows/System32/cmd.exe
checking for cmp... /usr/bin/cmp
checking for uniq... /usr/bin/uniq
checking build system type... x86_64-pc-wsl
checking host system type... x86_64-pc-wsl
checking target system type... x86_64-pc-wsl
checking openjdk-build os-cpu... windows-x86_64
checking openjdk-target os-cpu... windows-x86_64
checking compilation type... native
checking Windows environment type... wsl1
checking wsl1 drive prefix... '/mnt'
checking wsl1 root directory as Windows path... '[unavailable]'
checking wsl1 temp directory... /mnt/c/Users/JoseO/AppData/Local/Temp
checking wsl1 release... 4.4.0-19041-Microsoft
checking wsl1 version... #1237-Microsoft Sat Sep 11 14:32:00 PST 2021
checking Windows version... 10.0.19043.2251
checking wsl distribution... Ubuntu 22.04.1 LTS
checking what kind of 'find' is first on the PATH... unix style
checking for top-level directory... /mnt/c/users/joseo/desktop/ece361g-jdk
checking if custom source is suppressed (openjdk-only)... disabled, default
checking for --enable-debug... disabled, default
checking which debug level to use... release
checking which variants of the JVM to build... server
checking if absolute paths should be allowed in the build output... no, release build
checking for sysroot... 
checking for toolchain path... 
checking for extra path... 
checking where to store configuration... in default location
checking what configuration name to use... windows-x86_64-server-release
/usr/bin/chmod: changing permissions of '/mnt/c/users/joseo/desktop/ece361g-jdk/build/windows-x86_64-server-release/fixpath': Operation not permitted
checking for zypper... [not found]
checking for apt-get... /usr/bin/apt-get
checking for pandoc... [not found]
checking for gmake... /usr/bin/gmake
configure: Testing potential make at /usr/bin/gmake, found using gmake in PATH
configure: Using GNU make at /usr/bin/gmake (version: GNU Make 4.3)
checking if make --output-sync is supported... yes
checking for output-sync value... none
checking if find supports -delete... yes
checking what type of tar was found... gnu
checking that grep (/usr/bin/grep) -Fx handles empty lines in the pattern list correctly... yes
checking for unzip... [not found]
configure: error: Could not find required tool for UNZIP
configure: Configuration created at Sat Nov 12 16:12:18 CST 2022.
checking for basename... /usr/bin/basename
checking for dirname... /usr/bin/dirname
checking for file... /usr/bin/file
checking for ldd... /usr/bin/ldd
checking for bash... /usr/bin/bash
checking for cat... /usr/bin/cat
checking for chmod... /usr/bin/chmod
checking for cp... /usr/bin/cp
checking for cut... /usr/bin/cut
checking for date... /usr/bin/date
checking for gdiff... [not found]
checking for diff... /usr/bin/diff
checking for echo... echo [builtin]
checking for expr... /usr/bin/expr
checking for find... /usr/bin/find
checking for gunzip... /usr/bin/gunzip
checking for pigz... [not found]
checking for gzip... /usr/bin/gzip
checking for head... /usr/bin/head
checking for ln... /usr/bin/ln
checking for ls... /usr/bin/ls
checking for gmkdir... [not found]
checking for mkdir... /usr/bin/mkdir
checking for mktemp... /usr/bin/mktemp
checking for mv... /usr/bin/mv
checking for gawk... /usr/bin/gawk
checking for printf... printf [builtin]
checking for rm... /usr/bin/rm
checking for rmdir... /usr/bin/rmdir
checking for sh... /usr/bin/sh
checking for sort... /usr/bin/sort
checking for tail... /usr/bin/tail
checking for gtar... [not found]
checking for tar... /usr/bin/tar
checking for tee... /usr/bin/tee
checking for touch... /usr/bin/touch
checking for tr... /usr/bin/tr
checking for uname... /usr/bin/uname
checking for wc... /usr/bin/wc
checking for xargs... /usr/bin/xargs
checking for grep that handles long lines and -e... /usr/bin/grep
checking for egrep... /usr/bin/grep -E
checking for fgrep... /usr/bin/grep -F
checking for a sed that does not truncate output... /usr/bin/sed
checking for df... /usr/bin/df
checking for nice... /usr/bin/nice
checking for greadlink... [not found]
checking for readlink... /usr/bin/readlink
checking for cygpath... [not found]
checking for wslpath... /usr/bin/wslpath
checking for lsb_release... /usr/bin/lsb_release
checking for cmd.exe... /mnt/c/Windows/System32/cmd.exe
checking for cmp... /usr/bin/cmp
checking for uniq... /usr/bin/uniq
checking build system type... x86_64-pc-wsl
checking host system type... x86_64-pc-wsl
checking target system type... x86_64-pc-wsl
checking openjdk-build os-cpu... windows-x86_64
checking openjdk-target os-cpu... windows-x86_64
checking compilation type... native
checking Windows environment type... wsl1
checking wsl1 drive prefix... '/mnt'
checking wsl1 root directory as Windows path... '[unavailable]'
checking wsl1 temp directory... /mnt/c/Users/JoseO/AppData/Local/Temp
checking wsl1 release... 4.4.0-19041-Microsoft
checking wsl1 version... #1237-Microsoft Sat Sep 11 14:32:00 PST 2021
checking Windows version... 10.0.19043.2251
checking wsl distribution... Ubuntu 22.04.1 LTS
checking what kind of 'find' is first on the PATH... unix style
checking for top-level directory... /mnt/c/users/joseo/desktop/ece361g-jdk
checking if custom source is suppressed (openjdk-only)... disabled, default
checking for --enable-debug... disabled, default
checking which debug level to use... release
checking which variants of the JVM to build... server
checking if absolute paths should be allowed in the build output... no, release build
checking for sysroot... 
checking for toolchain path... 
checking for extra path... 
checking where to store configuration... in default location
checking what configuration name to use... windows-x86_64-server-release
/usr/bin/chmod: changing permissions of '/mnt/c/users/joseo/desktop/ece361g-jdk/build/windows-x86_64-server-release/fixpath': Operation not permitted
checking for zypper... [not found]
checking for apt-get... /usr/bin/apt-get
checking for pandoc... [not found]
checking for gmake... /usr/bin/gmake
configure: Testing potential make at /usr/bin/gmake, found using gmake in PATH
configure: Using GNU make at /usr/bin/gmake (version: GNU Make 4.3)
checking if make --output-sync is supported... yes
checking for output-sync value... none
checking if find supports -delete... yes
checking what type of tar was found... gnu
checking that grep (/usr/bin/grep) -Fx handles empty lines in the pattern list correctly... yes
checking for unzip... /usr/bin/unzip
checking for zip... /usr/bin/zip
checking for greadelf... [not found]
checking for readelf... /usr/bin/readelf
checking for dot... [not found]
checking for hg... [not found]
checking for git... /usr/bin/git
checking for stat... /usr/bin/stat
checking for time... time [builtin]
checking for flock... /usr/bin/flock
checking for dtrace... [not found]
checking for gpatch... [not found]
checking for patch... /usr/bin/patch
checking bash version... 5.1.16
checking if bash supports pipefail... yes
checking if bash supports errexit (-e)... yes
checking for pkg-config... no
checking for default LOG value... 
checking if packaged modules are kept... enabled, default
checking for version string... 17-internal+0-adhoc.jose.ece361g-jdk
checking for javac... /usr/bin/javac
checking for java... /usr/bin/java
configure: Found potential Boot JDK using java(c) in PATH
configure: error: The path of BOOT_JDK, which resolves as "/usr", could not be imported.
configure: Configuration created at Sat Nov 12 16:27:22 CST 2022.
checking for basename... /usr/bin/basename
checking for dirname... /usr/bin/dirname
checking for file... /usr/bin/file
checking for ldd... /usr/bin/ldd
checking for bash... /usr/bin/bash
checking for cat... /usr/bin/cat
checking for chmod... /usr/bin/chmod
checking for cp... /usr/bin/cp
checking for cut... /usr/bin/cut
checking for date... /usr/bin/date
checking for gdiff... [not found]
checking for diff... /usr/bin/diff
checking for echo... echo [builtin]
checking for expr... /usr/bin/expr
checking for find... /usr/bin/find
checking for gunzip... /usr/bin/gunzip
checking for pigz... [not found]
checking for gzip... /usr/bin/gzip
checking for head... /usr/bin/head
checking for ln... /usr/bin/ln
checking for ls... /usr/bin/ls
checking for gmkdir... [not found]
checking for mkdir... /usr/bin/mkdir
checking for mktemp... /usr/bin/mktemp
checking for mv... /usr/bin/mv
checking for gawk... /usr/bin/gawk
checking for printf... printf [builtin]
checking for rm... /usr/bin/rm
checking for rmdir... /usr/bin/rmdir
checking for sh... /usr/bin/sh
checking for sort... /usr/bin/sort
checking for tail... /usr/bin/tail
checking for gtar... [not found]
checking for tar... /usr/bin/tar
checking for tee... /usr/bin/tee
checking for touch... /usr/bin/touch
checking for tr... /usr/bin/tr
checking for uname... /usr/bin/uname
checking for wc... /usr/bin/wc
checking for xargs... /usr/bin/xargs
checking for grep that handles long lines and -e... /usr/bin/grep
checking for egrep... /usr/bin/grep -E
checking for fgrep... /usr/bin/grep -F
checking for a sed that does not truncate output... /usr/bin/sed
checking for df... /usr/bin/df
checking for nice... /usr/bin/nice
checking for greadlink... [not found]
checking for readlink... /usr/bin/readlink
checking for cygpath... [not found]
checking for wslpath... /usr/bin/wslpath
checking for lsb_release... /usr/bin/lsb_release
checking for cmd.exe... /mnt/c/Windows/System32/cmd.exe
checking for cmp... /usr/bin/cmp
checking for uniq... /usr/bin/uniq
checking build system type... x86_64-pc-wsl
checking host system type... x86_64-pc-wsl
checking target system type... x86_64-pc-wsl
checking openjdk-build os-cpu... windows-x86_64
checking openjdk-target os-cpu... windows-x86_64
checking compilation type... native
checking Windows environment type... wsl1
checking wsl1 drive prefix... '/mnt'
checking wsl1 root directory as Windows path... '[unavailable]'
checking wsl1 temp directory... /mnt/c/Users/JoseO/AppData/Local/Temp
checking wsl1 release... 4.4.0-19041-Microsoft
checking wsl1 version... #1237-Microsoft Sat Sep 11 14:32:00 PST 2021
checking Windows version... 10.0.19043.2251
checking wsl distribution... Ubuntu 22.04.1 LTS
checking what kind of 'find' is first on the PATH... unix style
checking for top-level directory... /mnt/c/users/joseo/desktop/ece361g-jdk
checking if custom source is suppressed (openjdk-only)... disabled, default
checking for --enable-debug... disabled, default
checking which debug level to use... release
checking which variants of the JVM to build... server
checking if absolute paths should be allowed in the build output... no, release build
checking for sysroot... 
checking for toolchain path... 
checking for extra path... 
checking where to store configuration... in default location
checking what configuration name to use... windows-x86_64-server-release
/usr/bin/chmod: changing permissions of '/mnt/c/users/joseo/desktop/ece361g-jdk/build/windows-x86_64-server-release/fixpath': Operation not permitted
checking for zypper... [not found]
checking for apt-get... /usr/bin/apt-get
checking for pandoc... [not found]
checking for gmake... /usr/bin/gmake
configure: Testing potential make at /usr/bin/gmake, found using gmake in PATH
configure: Using GNU make at /usr/bin/gmake (version: GNU Make 4.3)
checking if make --output-sync is supported... yes
checking for output-sync value... none
checking if find supports -delete... yes
checking what type of tar was found... gnu
checking that grep (/usr/bin/grep) -Fx handles empty lines in the pattern list correctly... yes
checking for unzip... /usr/bin/unzip
checking for zip... /usr/bin/zip
checking for greadelf... [not found]
checking for readelf... /usr/bin/readelf
checking for dot... [not found]
checking for hg... [not found]
checking for git... /usr/bin/git
checking for stat... /usr/bin/stat
checking for time... time [builtin]
checking for flock... /usr/bin/flock
checking for dtrace... [not found]
checking for gpatch... [not found]
checking for patch... /usr/bin/patch
checking bash version... 5.1.16
checking if bash supports pipefail... yes
checking if bash supports errexit (-e)... yes
checking for pkg-config... no
checking for default LOG value... 
checking if packaged modules are kept... enabled, default
checking for version string... 17-internal+0-adhoc.jose.ece361g-jdk
configure: Your JAVA_HOME points to a non-existing directory!
checking for javac... /usr/bin/javac
checking for java... /usr/bin/java
configure: Found potential Boot JDK using java(c) in PATH
configure: error: The path of BOOT_JDK, which resolves as "/usr", could not be imported.
configure: Configuration created at Sat Nov 12 16:28:50 CST 2022.
checking for basename... /usr/bin/basename
checking for dirname... /usr/bin/dirname
checking for file... /usr/bin/file
checking for ldd... /usr/bin/ldd
checking for bash... /usr/bin/bash
checking for cat... /usr/bin/cat
checking for chmod... /usr/bin/chmod
checking for cp... /usr/bin/cp
checking for cut... /usr/bin/cut
checking for date... /usr/bin/date
checking for gdiff... [not found]
checking for diff... /usr/bin/diff
checking for echo... echo [builtin]
checking for expr... /usr/bin/expr
checking for find... /usr/bin/find
checking for gunzip... /usr/bin/gunzip
checking for pigz... [not found]
checking for gzip... /usr/bin/gzip
checking for head... /usr/bin/head
checking for ln... /usr/bin/ln
checking for ls... /usr/bin/ls
checking for gmkdir... [not found]
checking for mkdir... /usr/bin/mkdir
checking for mktemp... /usr/bin/mktemp
checking for mv... /usr/bin/mv
checking for gawk... /usr/bin/gawk
checking for printf... printf [builtin]
checking for rm... /usr/bin/rm
checking for rmdir... /usr/bin/rmdir
checking for sh... /usr/bin/sh
checking for sort... /usr/bin/sort
checking for tail... /usr/bin/tail
checking for gtar... [not found]
checking for tar... /usr/bin/tar
checking for tee... /usr/bin/tee
checking for touch... /usr/bin/touch
checking for tr... /usr/bin/tr
checking for uname... /usr/bin/uname
checking for wc... /usr/bin/wc
checking for xargs... /usr/bin/xargs
checking for grep that handles long lines and -e... /usr/bin/grep
checking for egrep... /usr/bin/grep -E
checking for fgrep... /usr/bin/grep -F
checking for a sed that does not truncate output... /usr/bin/sed
checking for df... /usr/bin/df
checking for nice... /usr/bin/nice
checking for greadlink... [not found]
checking for readlink... /usr/bin/readlink
checking for cygpath... [not found]
checking for wslpath... /usr/bin/wslpath
checking for lsb_release... /usr/bin/lsb_release
checking for cmd.exe... /mnt/c/Windows/System32/cmd.exe
checking for cmp... /usr/bin/cmp
checking for uniq... /usr/bin/uniq
checking build system type... x86_64-pc-wsl
checking host system type... x86_64-pc-wsl
checking target system type... x86_64-pc-wsl
checking openjdk-build os-cpu... windows-x86_64
checking openjdk-target os-cpu... windows-x86_64
checking compilation type... native
checking Windows environment type... wsl1
checking wsl1 drive prefix... '/mnt'
checking wsl1 root directory as Windows path... '[unavailable]'
checking wsl1 temp directory... /mnt/c/Users/JoseO/AppData/Local/Temp
checking wsl1 release... 4.4.0-19041-Microsoft
checking wsl1 version... #1237-Microsoft Sat Sep 11 14:32:00 PST 2021
checking Windows version... 10.0.19043.2251
checking wsl distribution... Ubuntu 22.04.1 LTS
checking what kind of 'find' is first on the PATH... unix style
checking for top-level directory... /mnt/c/users/joseo/desktop/ece361g-jdk
checking if custom source is suppressed (openjdk-only)... disabled, default
checking for --enable-debug... disabled, default
checking which debug level to use... release
checking which variants of the JVM to build... server
checking if absolute paths should be allowed in the build output... no, release build
checking for sysroot... 
checking for toolchain path... 
checking for extra path... 
checking where to store configuration... in default location
checking what configuration name to use... windows-x86_64-server-release
/usr/bin/chmod: changing permissions of '/mnt/c/users/joseo/desktop/ece361g-jdk/build/windows-x86_64-server-release/fixpath': Operation not permitted
checking for zypper... [not found]
checking for apt-get... /usr/bin/apt-get
checking for pandoc... [not found]
checking for gmake... /usr/bin/gmake
configure: Testing potential make at /usr/bin/gmake, found using gmake in PATH
configure: Using GNU make at /usr/bin/gmake (version: GNU Make 4.3)
checking if make --output-sync is supported... yes
checking for output-sync value... none
checking if find supports -delete... yes
checking what type of tar was found... gnu
checking that grep (/usr/bin/grep) -Fx handles empty lines in the pattern list correctly... yes
checking for unzip... /usr/bin/unzip
checking for zip... /usr/bin/zip
checking for greadelf... [not found]
checking for readelf... /usr/bin/readelf
checking for dot... [not found]
checking for hg... [not found]
checking for git... /usr/bin/git
checking for stat... /usr/bin/stat
checking for time... time [builtin]
checking for flock... /usr/bin/flock
checking for dtrace... [not found]
checking for gpatch... [not found]
checking for patch... /usr/bin/patch
checking bash version... 5.1.16
checking if bash supports pipefail... yes
checking if bash supports errexit (-e)... yes
checking for pkg-config... no
checking for default LOG value... 
checking if packaged modules are kept... enabled, default
checking for version string... 17-internal+0-adhoc.jose.ece361g-jdk
configure: Your JAVA_HOME points to a non-existing directory!
checking for javac... /usr/bin/javac
checking for java... /usr/bin/java
configure: Found potential Boot JDK using java(c) in PATH
configure: error: The path of BOOT_JDK, which resolves as "/usr", could not be imported.
configure: Configuration created at Sat Nov 12 16:29:26 CST 2022.
checking for basename... /bin/basename
checking for dirname... /bin/dirname
checking for file... /bin/file
checking for ldd... /bin/ldd
checking for bash... /bin/bash
checking for cat... /bin/cat
checking for chmod... /bin/chmod
checking for cp... /bin/cp
checking for cut... /bin/cut
checking for date... /bin/date
checking for gdiff... [not found]
checking for diff... /bin/diff
checking for echo... echo [builtin]
checking for expr... /bin/expr
checking for find... /bin/find
checking for gunzip... /bin/gunzip
checking for pigz... [not found]
checking for gzip... /bin/gzip
checking for head... /bin/head
checking for ln... /bin/ln
checking for ls... /bin/ls
checking for gmkdir... [not found]
checking for mkdir... /bin/mkdir
checking for mktemp... /bin/mktemp
checking for mv... /bin/mv
checking for gawk... /bin/gawk
checking for printf... printf [builtin]
checking for rm... /bin/rm
checking for rmdir... /bin/rmdir
checking for sh... /bin/sh
checking for sort... /bin/sort
checking for tail... /bin/tail
checking for gtar... [not found]
checking for tar... /bin/tar
checking for tee... /bin/tee
checking for touch... /bin/touch
checking for tr... /bin/tr
checking for uname... /bin/uname
checking for wc... /bin/wc
checking for xargs... /bin/xargs
checking for grep that handles long lines and -e... /bin/grep
checking for egrep... /bin/grep -E
checking for fgrep... /bin/grep -F
checking for a sed that does not truncate output... /bin/sed
checking for df... /bin/df
checking for nice... /bin/nice
checking for greadlink... [not found]
checking for readlink... /bin/readlink
checking for cygpath... [not found]
checking for wslpath... /bin/wslpath
checking for lsb_release... /bin/lsb_release
checking for cmd.exe... /mnt/c/Windows/System32/cmd.exe
checking for cmp... /bin/cmp
checking for uniq... /bin/uniq
checking build system type... x86_64-pc-wsl
checking host system type... x86_64-pc-wsl
checking target system type... x86_64-pc-wsl
checking openjdk-build os-cpu... windows-x86_64
checking openjdk-target os-cpu... windows-x86_64
checking compilation type... native
checking Windows environment type... wsl1
checking wsl1 drive prefix... '/mnt'
checking wsl1 root directory as Windows path... '[unavailable]'
checking wsl1 temp directory... /mnt/c/Users/JoseO/AppData/Local/Temp
checking wsl1 release... 4.4.0-19041-Microsoft
checking wsl1 version... #1237-Microsoft Sat Sep 11 14:32:00 PST 2021
checking Windows version... 10.0.19043.2251
checking wsl distribution... Ubuntu 22.04.1 LTS
checking what kind of 'find' is first on the PATH... unix style
checking for top-level directory... /mnt/c/users/joseo/desktop/ece361g-jdk
checking if custom source is suppressed (openjdk-only)... disabled, default
checking for --enable-debug... disabled, default
checking which debug level to use... release
checking which variants of the JVM to build... server
checking if absolute paths should be allowed in the build output... no, release build
checking for sysroot... 
checking for toolchain path... 
checking for extra path... 
checking where to store configuration... in default location
checking what configuration name to use... windows-x86_64-server-release
/bin/chmod: changing permissions of '/mnt/c/users/joseo/desktop/ece361g-jdk/build/windows-x86_64-server-release/fixpath': Operation not permitted
checking for zypper... [not found]
checking for apt-get... /bin/apt-get
checking for pandoc... [not found]
checking for gmake... /bin/gmake
configure: Testing potential make at /bin/gmake, found using gmake in PATH
configure: Using GNU make at /bin/gmake (version: GNU Make 4.3)
checking if make --output-sync is supported... yes
checking for output-sync value... none
checking if find supports -delete... yes
checking what type of tar was found... gnu
checking that grep (/bin/grep) -Fx handles empty lines in the pattern list correctly... yes
checking for unzip... /bin/unzip
checking for zip... /bin/zip
checking for greadelf... [not found]
checking for readelf... /bin/readelf
checking for dot... [not found]
checking for hg... [not found]
checking for git... /bin/git
checking for stat... /bin/stat
checking for time... time [builtin]
checking for flock... /bin/flock
checking for dtrace... [not found]
checking for gpatch... [not found]
checking for patch... /bin/patch
checking bash version... 5.1.16
checking if bash supports pipefail... yes
checking if bash supports errexit (-e)... yes
checking for pkg-config... no
checking for default LOG value... 
checking if packaged modules are kept... enabled, default
checking for version string... 17-internal+0-adhoc.jose.ece361g-jdk
configure: Your JAVA_HOME points to a non-existing directory!
checking for javac... /bin/javac
checking for java... /bin/java
configure: Found potential Boot JDK using java(c) in PATH
configure: error: The path of BOOT_JDK, which resolves as "/", could not be imported.
configure: Configuration created at Sat Nov 12 16:50:20 CST 2022.
checking for basename... /bin/basename
checking for dirname... /bin/dirname
checking for file... /bin/file
checking for ldd... /bin/ldd
checking for bash... /bin/bash
checking for cat... /bin/cat
checking for chmod... /bin/chmod
checking for cp... /bin/cp
checking for cut... /bin/cut
checking for date... /bin/date
checking for gdiff... [not found]
checking for diff... /bin/diff
checking for echo... echo [builtin]
checking for expr... /bin/expr
checking for find... /bin/find
checking for gunzip... /bin/gunzip
checking for pigz... [not found]
checking for gzip... /bin/gzip
checking for head... /bin/head
checking for ln... /bin/ln
checking for ls... /bin/ls
checking for gmkdir... [not found]
checking for mkdir... /bin/mkdir
checking for mktemp... /bin/mktemp
checking for mv... /bin/mv
checking for gawk... /bin/gawk
checking for printf... printf [builtin]
checking for rm... /bin/rm
checking for rmdir... /bin/rmdir
checking for sh... /bin/sh
checking for sort... /bin/sort
checking for tail... /bin/tail
checking for gtar... [not found]
checking for tar... /bin/tar
checking for tee... /bin/tee
checking for touch... /bin/touch
checking for tr... /bin/tr
checking for uname... /bin/uname
checking for wc... /bin/wc
checking for xargs... /bin/xargs
checking for grep that handles long lines and -e... /bin/grep
checking for egrep... /bin/grep -E
checking for fgrep... /bin/grep -F
checking for a sed that does not truncate output... /bin/sed
checking for df... /bin/df
checking for nice... /bin/nice
checking for greadlink... [not found]
checking for readlink... /bin/readlink
checking for cygpath... [not found]
checking for wslpath... /bin/wslpath
checking for lsb_release... /bin/lsb_release
checking for cmd.exe... /mnt/c/Windows/System32/cmd.exe
checking for cmp... /bin/cmp
checking for uniq... /bin/uniq
checking build system type... x86_64-pc-wsl
checking host system type... x86_64-pc-wsl
checking target system type... x86_64-pc-wsl
checking openjdk-build os-cpu... windows-x86_64
checking openjdk-target os-cpu... windows-x86_64
checking compilation type... native
checking Windows environment type... wsl1
checking wsl1 drive prefix... '/mnt'
checking wsl1 root directory as Windows path... '[unavailable]'
checking wsl1 temp directory... /mnt/c/Users/JoseO/AppData/Local/Temp
checking wsl1 release... 4.4.0-19041-Microsoft
checking wsl1 version... #1237-Microsoft Sat Sep 11 14:32:00 PST 2021
checking Windows version... 10.0.19043.2251
checking wsl distribution... Ubuntu 22.04.1 LTS
checking what kind of 'find' is first on the PATH... unix style
checking for top-level directory... /mnt/c/users/joseo/desktop/ece361g-jdk
checking if custom source is suppressed (openjdk-only)... disabled, default
checking for --enable-debug... disabled, default
checking which debug level to use... release
checking which variants of the JVM to build... server
checking if absolute paths should be allowed in the build output... no, release build
checking for sysroot... 
checking for toolchain path... 
checking for extra path... 
checking where to store configuration... in default location
checking what configuration name to use... windows-x86_64-server-release
/bin/chmod: changing permissions of '/mnt/c/users/joseo/desktop/ece361g-jdk/build/windows-x86_64-server-release/fixpath': Operation not permitted
checking for zypper... [not found]
checking for apt-get... /bin/apt-get
checking for pandoc... [not found]
checking for gmake... /bin/gmake
configure: Testing potential make at /bin/gmake, found using gmake in PATH
configure: Using GNU make at /bin/gmake (version: GNU Make 4.3)
checking if make --output-sync is supported... yes
checking for output-sync value... none
checking if find supports -delete... yes
checking what type of tar was found... gnu
checking that grep (/bin/grep) -Fx handles empty lines in the pattern list correctly... yes
checking for unzip... /bin/unzip
checking for zip... /bin/zip
checking for greadelf... [not found]
checking for readelf... /bin/readelf
checking for dot... [not found]
checking for hg... [not found]
checking for git... /bin/git
checking for stat... /bin/stat
checking for time... time [builtin]
checking for flock... /bin/flock
checking for dtrace... [not found]
checking for gpatch... [not found]
checking for patch... /bin/patch
checking bash version... 5.1.16
checking if bash supports pipefail... yes
checking if bash supports errexit (-e)... yes
checking for pkg-config... no
checking for default LOG value... 
checking if packaged modules are kept... enabled, default
checking for version string... 17-internal+0-adhoc.jose.ece361g-jdk
configure: Your JAVA_HOME points to a non-existing directory!
checking for javac... /bin/javac
checking for java... /bin/java
configure: Found potential Boot JDK using java(c) in PATH
configure: error: The path of BOOT_JDK, which resolves as "/", could not be imported.
