This file contains any messages produced by compilers while
running configure, to aid debugging if configure makes a mistake.

It was created by OpenJDK configure openjdk, which was
generated by GNU Autoconf 2.71.  Invocation command line was

  $ /mnt/c/Users/JoseO/Desktop/ece361g-jdk/configure --enable-option-checking=fatal

## --------- ##
## Platform. ##
## --------- ##

hostname = Laptop
uname -m = x86_64
uname -r = 4.4.0-19041-Microsoft
uname -s = Linux
uname -v = #1237-Microsoft Sat Sep 11 14:32:00 PST 2021

/usr/bin/uname -p = x86_64
/bin/uname -X     = unknown

/bin/arch              = x86_64
/usr/bin/arch -k       = unknown
/usr/convex/getsysinfo = unknown
/usr/bin/hostinfo      = unknown
/bin/machine           = unknown
/usr/bin/oslevel       = unknown
/bin/universe          = unknown

PATH: /bin/
PATH: /bin/
PATH: /usr/local/sbin/
PATH: /usr/local/bin/
PATH: /usr/sbin/
PATH: /usr/bin/
PATH: /sbin/
PATH: /bin/
PATH: /usr/games/
PATH: /usr/local/games/
PATH: /mnt/c/Program Files/WindowsApps/CanonicalGroupLimited.Ubuntu_2204.1.7.0_x64__79rhkp1fndgsc/
PATH: /mnt/c/Python310/Scripts/
PATH: /mnt/c/Python310/
PATH: /mnt/c/Program Files/nodejs/
PATH: /mnt/c/ProgramData/chocolatey/bin/
PATH: /mnt/c/Windows/System32/
PATH: /mnt/c/Program Files/Docker/Docker/resources/bin/
PATH: /mnt/c/Program Files/NVIDIA Corporation/NVIDIA NvDLISR/
PATH: /mnt/c/Program Files/dotnet/
PATH: /mnt/c/Program Files/MySQL/MySQL Shell 8.0/bin/
PATH: /mnt/c/Users/JoseO/AppData/Local/Microsoft/WindowsApps/
PATH: /mnt/c/Users/JoseO/AppData/Local/GitHubDesktop/bin/
PATH: /mnt/c/Users/JoseO/AppData/Local/atom/bin/
PATH: /mnt/c/Users/JoseO/AppData/Local/Microsoft/WindowsApps/
PATH: /mnt/c/Users/JoseO/spicetify-cli/
PATH: /mnt/c/Users/JoseO/AppData/Local/Programs/Microsoft VS Code/bin/
PATH: /mnt/c/msys64/mingw64/bin/
PATH: /mnt/c/Users/JoseO/AppData/Local/spicetify/
PATH: /mnt/c/Program Files/Java/javacc-7.0.11/scripts/
PATH: /mnt/c/Users/JoseO/Desktop/javacc/scripts/
PATH: /mnt/c/Program Files/Java/jdk-19.0.1/bin/
PATH: /mnt/c/Gradle/gradle-7.5.1/bin/
PATH: /mnt/c/Users/JoseO/AppData/Roaming/npm/
PATH: /mnt/c/Program Files/heroku/bin/
PATH: /snap/bin/


## ----------- ##
## Core tests. ##
## ----------- ##

configure:4019: looking for aux files: config.guess config.sub
configure:4032:  trying /mnt/c/Users/JoseO/Desktop/ece361g-jdk/make/autoconf/build-aux/
configure:4061:   /mnt/c/Users/JoseO/Desktop/ece361g-jdk/make/autoconf/build-aux/config.guess found
configure:4061:   /mnt/c/Users/JoseO/Desktop/ece361g-jdk/make/autoconf/build-aux/config.sub found
configure:6664: Configuration created at Sat Nov 12 16:50:20 CST 2022.
configure:6673: checking for basename
configure:6696: found /bin/basename
configure:6708: result: /bin/basename
configure:6728: checking for dirname
configure:6751: found /bin/dirname
configure:6763: result: /bin/dirname
configure:6783: checking for file
configure:6806: found /bin/file
configure:6818: result: /bin/file
configure:6838: checking for ldd
configure:6861: found /bin/ldd
configure:6873: result: /bin/ldd
configure:7168: checking for bash
configure:7396: result: /bin/bash
configure:7541: checking for cat
configure:7769: result: /bin/cat
configure:8179: checking for chmod
configure:8407: result: /bin/chmod
configure:8817: checking for cp
configure:9045: result: /bin/cp
configure:9455: checking for cut
configure:9683: result: /bin/cut
configure:10093: checking for date
configure:10321: result: /bin/date
configure:10731: checking for gdiff
configure:10966: result: [not found]
configure:10731: checking for diff
configure:10959: result: /bin/diff
configure:11369: checking for echo
configure:11377: result: echo [builtin]
configure:12007: checking for expr
configure:12235: result: /bin/expr
configure:12645: checking for find
configure:12873: result: /bin/find
configure:13283: checking for gunzip
configure:13511: result: /bin/gunzip
configure:13921: checking for pigz
configure:14156: result: [not found]
configure:13921: checking for gzip
configure:14149: result: /bin/gzip
configure:14559: checking for head
configure:14787: result: /bin/head
configure:15197: checking for ln
configure:15425: result: /bin/ln
configure:15835: checking for ls
configure:16063: result: /bin/ls
configure:16474: checking for gmkdir
configure:16709: result: [not found]
configure:16474: checking for mkdir
configure:16702: result: /bin/mkdir
configure:17112: checking for mktemp
configure:17340: result: /bin/mktemp
configure:17750: checking for mv
configure:17978: result: /bin/mv
configure:18388: checking for gawk
configure:18616: result: /bin/gawk
configure:19026: checking for printf
configure:19034: result: printf [builtin]
configure:19664: checking for rm
configure:19892: result: /bin/rm
configure:20302: checking for rmdir
configure:20530: result: /bin/rmdir
configure:20940: checking for sh
configure:21168: result: /bin/sh
configure:21578: checking for sort
configure:21806: result: /bin/sort
configure:22216: checking for tail
configure:22444: result: /bin/tail
configure:22854: checking for gtar
configure:23089: result: [not found]
configure:22854: checking for tar
configure:23082: result: /bin/tar
configure:23492: checking for tee
configure:23720: result: /bin/tee
configure:24130: checking for touch
configure:24358: result: /bin/touch
configure:24768: checking for tr
configure:24996: result: /bin/tr
configure:25406: checking for uname
configure:25634: result: /bin/uname
configure:26044: checking for wc
configure:26272: result: /bin/wc
configure:26682: checking for xargs
configure:26910: result: /bin/xargs
configure:27312: checking for grep that handles long lines and -e
configure:27376: result: /bin/grep
configure:27584: checking for egrep
configure:27652: result: /bin/grep -E
configure:27864: checking for fgrep
configure:27932: result: /bin/grep -F
configure:28144: checking for a sed that does not truncate output
configure:28214: result: /bin/sed
configure:28439: checking for df
configure:28667: result: /bin/df
configure:29070: checking for nice
configure:29298: result: /bin/nice
configure:29701: checking for greadlink
configure:29936: result: [not found]
configure:29701: checking for readlink
configure:29929: result: /bin/readlink
configure:30334: checking for cygpath
configure:30569: result: [not found]
configure:30334: checking for wslpath
configure:30562: result: /bin/wslpath
configure:30965: checking for lsb_release
configure:31193: result: /bin/lsb_release
configure:31596: checking for cmd.exe
configure:31824: result: /mnt/c/Windows/System32/cmd.exe
configure:32229: checking for cmp
configure:32457: result: /bin/cmp
configure:32860: checking for uniq
configure:33088: result: /bin/uniq
configure:33489: checking build system type
configure:33504: result: x86_64-pc-wsl
configure:33524: checking host system type
configure:33538: result: x86_64-pc-wsl
configure:33558: checking target system type
configure:33572: result: x86_64-pc-wsl
configure:33871: checking openjdk-build os-cpu
configure:33873: result: windows-x86_64
configure:34139: checking openjdk-target os-cpu
configure:34141: result: windows-x86_64
configure:34199: checking compilation type
configure:34201: result: native
configure:34602: checking Windows environment type
configure:34605: result: wsl1
configure:34620: checking wsl1 drive prefix
configure:34623: result: '/mnt'
configure:34627: checking wsl1 root directory as Windows path
configure:34636: result: '[unavailable]'
configure:34640: checking wsl1 temp directory
configure:34643: result: /mnt/c/Users/JoseO/AppData/Local/Temp
configure:34653: checking wsl1 release
configure:34656: result: 4.4.0-19041-Microsoft
configure:34659: checking wsl1 version
configure:34662: result: #1237-Microsoft Sat Sep 11 14:32:00 PST 2021
configure:34667: checking Windows version
configure:34675: result: 10.0.19043.2251
configure:34697: checking wsl distribution
configure:34700: result: Ubuntu 22.04.1 LTS
configure:34795: checking what kind of 'find' is first on the PATH
configure:34799: result: unix style
configure:34887: checking for top-level directory
configure:34889: result: /mnt/c/users/joseo/desktop/ece361g-jdk
configure:35229: checking if custom source is suppressed (openjdk-only)
configure:35267: result: disabled, default
configure:35509: checking for --enable-debug
configure:35547: result: disabled, default
configure:35594: checking which debug level to use
configure:35608: result: release
configure:35667: checking which variants of the JVM to build
configure:35672: result: server
configure:35752: checking if absolute paths should be allowed in the build output
configure:35763: result: no, release build
configure:36766: checking for sysroot
configure:36768: result: 
configure:36770: checking for toolchain path
configure:36772: result: 
configure:36775: checking for extra path
configure:36777: result: 
configure:36794: checking where to store configuration
configure:36803: result: in default location
configure:36863: checking what configuration name to use
configure:36865: result: windows-x86_64-server-release
configure:36997: checking for zypper
configure:37232: result: [not found]
configure:36997: checking for apt-get
configure:37225: result: /bin/apt-get
configure:37632: checking for pandoc
configure:37867: result: [not found]
configure:38296: checking for gmake
configure:38524: result: /bin/gmake
configure:38925: Testing potential make at /bin/gmake, found using gmake in PATH
configure:45736: Using GNU make at /bin/gmake (version: GNU Make 4.3)
configure:45741: checking if make --output-sync is supported
configure:45745: result: yes
configure:45747: checking for output-sync value
configure:45759: result: none
configure:45776: checking if find supports -delete
configure:45797: result: yes
configure:45814: checking what type of tar was found
configure:45816: result: gnu
configure:45838: checking that grep (/bin/grep) -Fx handles empty lines in the pattern list correctly
configure:45849: result: yes
configure:45879: checking for unzip
configure:46107: result: /bin/unzip
configure:46519: checking for zip
configure:46747: result: /bin/zip
configure:47159: checking for greadelf
configure:47394: result: [not found]
configure:47159: checking for readelf
configure:47387: result: /bin/readelf
configure:47790: checking for dot
configure:48025: result: [not found]
configure:48421: checking for hg
configure:48656: result: [not found]
configure:49052: checking for git
configure:49280: result: /bin/git
configure:49683: checking for stat
configure:49911: result: /bin/stat
configure:50314: checking for time
configure:50322: result: time [builtin]
configure:50945: checking for flock
configure:51173: result: /bin/flock
configure:51578: checking for dtrace
configure:51813: result: [not found]
configure:52209: checking for gpatch
configure:52444: result: [not found]
configure:52209: checking for patch
configure:52437: result: /bin/patch
configure:56710: checking bash version
configure:56712: result: 5.1.16
configure:56722: checking if bash supports pipefail
configure:56726: result: yes
configure:56733: checking if bash supports errexit (-e)
configure:56737: result: yes
configure:56802: checking for pkg-config
configure:56840: result: no
configure:56918: checking for default LOG value
configure:56927: result: 
configure:57130: checking if packaged modules are kept
configure:57162: result: enabled, default
configure:57967: checking for version string
configure:57969: result: 17-internal+0-adhoc.jose.ece361g-jdk
configure:58461: Your JAVA_HOME points to a non-existing directory!
configure:59834: checking for javac
configure:60062: result: /bin/javac
configure:60465: checking for java
configure:60693: result: /bin/java
configure:61138: Found potential Boot JDK using java(c) in PATH
configure:61406: error: The path of BOOT_JDK, which resolves as "/", could not be imported.

## ---------------- ##
## Cache variables. ##
## ---------------- ##

ac_cv_build=x86_64-pc-wsl
ac_cv_env_ALSA_CFLAGS_set=
ac_cv_env_ALSA_CFLAGS_value=
ac_cv_env_ALSA_LIBS_set=
ac_cv_env_ALSA_LIBS_value=
ac_cv_env_AR_set=
ac_cv_env_AR_value=
ac_cv_env_AS_set=
ac_cv_env_AS_value=
ac_cv_env_AWK_set=
ac_cv_env_AWK_value=
ac_cv_env_BASH_set=set
ac_cv_env_BASH_value=/bin/bash
ac_cv_env_BUILD_AR_set=
ac_cv_env_BUILD_AR_value=
ac_cv_env_BUILD_AS_set=
ac_cv_env_BUILD_AS_value=
ac_cv_env_BUILD_CC_set=
ac_cv_env_BUILD_CC_value=
ac_cv_env_BUILD_CXX_set=
ac_cv_env_BUILD_CXX_value=
ac_cv_env_BUILD_LD_set=
ac_cv_env_BUILD_LD_value=
ac_cv_env_BUILD_NM_set=
ac_cv_env_BUILD_NM_value=
ac_cv_env_BUILD_OBJCOPY_set=
ac_cv_env_BUILD_OBJCOPY_value=
ac_cv_env_BUILD_STRIP_set=
ac_cv_env_BUILD_STRIP_value=
ac_cv_env_CAT_set=
ac_cv_env_CAT_value=
ac_cv_env_CCACHE_set=
ac_cv_env_CCACHE_value=
ac_cv_env_CCC_set=
ac_cv_env_CCC_value=
ac_cv_env_CC_set=
ac_cv_env_CC_value=
ac_cv_env_CFLAGS_set=
ac_cv_env_CFLAGS_value=
ac_cv_env_CHECK_GMAKE_set=
ac_cv_env_CHECK_GMAKE_value=
ac_cv_env_CHECK_MAKE_set=
ac_cv_env_CHECK_MAKE_value=
ac_cv_env_CHECK_TOOLSDIR_GMAKE_set=
ac_cv_env_CHECK_TOOLSDIR_GMAKE_value=
ac_cv_env_CHECK_TOOLSDIR_MAKE_set=
ac_cv_env_CHECK_TOOLSDIR_MAKE_value=
ac_cv_env_CHMOD_set=
ac_cv_env_CHMOD_value=
ac_cv_env_CMD_set=
ac_cv_env_CMD_value=
ac_cv_env_CMP_set=
ac_cv_env_CMP_value=
ac_cv_env_CODESIGN_set=
ac_cv_env_CODESIGN_value=
ac_cv_env_CPPFLAGS_set=
ac_cv_env_CPPFLAGS_value=
ac_cv_env_CPP_set=
ac_cv_env_CPP_value=
ac_cv_env_CP_set=
ac_cv_env_CP_value=
ac_cv_env_CUT_set=
ac_cv_env_CUT_value=
ac_cv_env_CXXCPP_set=
ac_cv_env_CXXCPP_value=
ac_cv_env_CXXFILT_set=
ac_cv_env_CXXFILT_value=
ac_cv_env_CXXFLAGS_set=
ac_cv_env_CXXFLAGS_value=
ac_cv_env_CXX_set=
ac_cv_env_CXX_value=
ac_cv_env_DATE_set=
ac_cv_env_DATE_value=
ac_cv_env_DF_set=
ac_cv_env_DF_value=
ac_cv_env_DIFF_set=
ac_cv_env_DIFF_value=
ac_cv_env_DOT_set=
ac_cv_env_DOT_value=
ac_cv_env_DSYMUTIL_set=
ac_cv_env_DSYMUTIL_value=
ac_cv_env_DTRACE_set=
ac_cv_env_DTRACE_value=
ac_cv_env_DUMPBIN_set=
ac_cv_env_DUMPBIN_value=
ac_cv_env_ECHO_set=
ac_cv_env_ECHO_value=
ac_cv_env_EGREP_set=
ac_cv_env_EGREP_value=
ac_cv_env_EXPR_set=
ac_cv_env_EXPR_value=
ac_cv_env_FGREP_set=
ac_cv_env_FGREP_value=
ac_cv_env_FIND_set=
ac_cv_env_FIND_value=
ac_cv_env_FLOCK_set=
ac_cv_env_FLOCK_value=
ac_cv_env_FREETYPE_CFLAGS_set=
ac_cv_env_FREETYPE_CFLAGS_value=
ac_cv_env_FREETYPE_LIBS_set=
ac_cv_env_FREETYPE_LIBS_value=
ac_cv_env_GIT_set=
ac_cv_env_GIT_value=
ac_cv_env_GREP_set=
ac_cv_env_GREP_value=
ac_cv_env_GUNZIP_set=
ac_cv_env_GUNZIP_value=
ac_cv_env_GZIP_set=
ac_cv_env_GZIP_value=
ac_cv_env_HARFBUZZ_CFLAGS_set=
ac_cv_env_HARFBUZZ_CFLAGS_value=
ac_cv_env_HARFBUZZ_LIBS_set=
ac_cv_env_HARFBUZZ_LIBS_value=
ac_cv_env_HEAD_set=
ac_cv_env_HEAD_value=
ac_cv_env_HG_set=
ac_cv_env_HG_value=
ac_cv_env_ICECC_CMD_set=
ac_cv_env_ICECC_CMD_value=
ac_cv_env_ICECC_CREATE_ENV_set=
ac_cv_env_ICECC_CREATE_ENV_value=
ac_cv_env_ICECC_WRAPPER_set=
ac_cv_env_ICECC_WRAPPER_value=
ac_cv_env_INSTALL_NAME_TOOL_set=
ac_cv_env_INSTALL_NAME_TOOL_value=
ac_cv_env_JAR_set=
ac_cv_env_JAR_value=
ac_cv_env_JAVAC_CHECK_set=
ac_cv_env_JAVAC_CHECK_value=
ac_cv_env_JAVAC_set=
ac_cv_env_JAVAC_value=
ac_cv_env_JAVADOC_set=
ac_cv_env_JAVADOC_value=
ac_cv_env_JAVA_CHECK_set=
ac_cv_env_JAVA_CHECK_value=
ac_cv_env_JAVA_set=
ac_cv_env_JAVA_value=
ac_cv_env_JTREGEXE_set=
ac_cv_env_JTREGEXE_value=
ac_cv_env_LCMS_CFLAGS_set=
ac_cv_env_LCMS_CFLAGS_value=
ac_cv_env_LCMS_LIBS_set=
ac_cv_env_LCMS_LIBS_value=
ac_cv_env_LDFLAGS_set=
ac_cv_env_LDFLAGS_value=
ac_cv_env_LD_set=
ac_cv_env_LD_value=
ac_cv_env_LIBFFI_CFLAGS_set=
ac_cv_env_LIBFFI_CFLAGS_value=
ac_cv_env_LIBFFI_LIBS_set=
ac_cv_env_LIBFFI_LIBS_value=
ac_cv_env_LIBS_set=
ac_cv_env_LIBS_value=
ac_cv_env_LIPO_set=
ac_cv_env_LIPO_value=
ac_cv_env_LN_set=
ac_cv_env_LN_value=
ac_cv_env_LSB_RELEASE_set=
ac_cv_env_LSB_RELEASE_value=
ac_cv_env_LS_set=
ac_cv_env_LS_value=
ac_cv_env_MAKE_set=
ac_cv_env_MAKE_value=
ac_cv_env_METALLIB_set=
ac_cv_env_METALLIB_value=
ac_cv_env_METAL_set=
ac_cv_env_METAL_value=
ac_cv_env_MIG_set=
ac_cv_env_MIG_value=
ac_cv_env_MKDIR_set=
ac_cv_env_MKDIR_value=
ac_cv_env_MKTEMP_set=
ac_cv_env_MKTEMP_value=
ac_cv_env_MT_set=
ac_cv_env_MT_value=
ac_cv_env_MV_set=
ac_cv_env_MV_value=
ac_cv_env_NICE_set=
ac_cv_env_NICE_value=
ac_cv_env_NM_set=
ac_cv_env_NM_value=
ac_cv_env_OBJCOPY_set=
ac_cv_env_OBJCOPY_value=
ac_cv_env_OBJDUMP_set=
ac_cv_env_OBJDUMP_value=
ac_cv_env_OTOOL_set=
ac_cv_env_OTOOL_value=
ac_cv_env_PANDOC_set=
ac_cv_env_PANDOC_value=
ac_cv_env_PATCH_set=
ac_cv_env_PATCH_value=
ac_cv_env_PATHTOOL_set=
ac_cv_env_PATHTOOL_value=
ac_cv_env_PKGHANDLER_set=
ac_cv_env_PKGHANDLER_value=
ac_cv_env_PKG_CONFIG_set=
ac_cv_env_PKG_CONFIG_value=
ac_cv_env_PNG_CFLAGS_set=
ac_cv_env_PNG_CFLAGS_value=
ac_cv_env_PNG_LIBS_set=
ac_cv_env_PNG_LIBS_value=
ac_cv_env_POTENTIAL_CC_set=
ac_cv_env_POTENTIAL_CC_value=
ac_cv_env_POTENTIAL_CXX_set=
ac_cv_env_POTENTIAL_CXX_value=
ac_cv_env_PRINTF_set=
ac_cv_env_PRINTF_value=
ac_cv_env_RC_set=
ac_cv_env_RC_value=
ac_cv_env_READELF_set=
ac_cv_env_READELF_value=
ac_cv_env_READLINK_set=
ac_cv_env_READLINK_value=
ac_cv_env_RMDIR_set=
ac_cv_env_RMDIR_value=
ac_cv_env_RM_set=
ac_cv_env_RM_value=
ac_cv_env_SED_set=
ac_cv_env_SED_value=
ac_cv_env_SETFILE_set=
ac_cv_env_SETFILE_value=
ac_cv_env_SH_set=
ac_cv_env_SH_value=
ac_cv_env_SORT_set=
ac_cv_env_SORT_value=
ac_cv_env_STAT_set=
ac_cv_env_STAT_value=
ac_cv_env_STRIP_set=
ac_cv_env_STRIP_value=
ac_cv_env_TAIL_set=
ac_cv_env_TAIL_value=
ac_cv_env_TAR_set=
ac_cv_env_TAR_value=
ac_cv_env_TEE_set=
ac_cv_env_TEE_value=
ac_cv_env_TIME_set=
ac_cv_env_TIME_value=
ac_cv_env_TOUCH_set=
ac_cv_env_TOUCH_value=
ac_cv_env_TR_set=
ac_cv_env_TR_value=
ac_cv_env_ULIMIT_set=
ac_cv_env_ULIMIT_value=
ac_cv_env_UNAME_set=
ac_cv_env_UNAME_value=
ac_cv_env_UNIQ_set=
ac_cv_env_UNIQ_value=
ac_cv_env_UNZIP_set=
ac_cv_env_UNZIP_value=
ac_cv_env_WC_set=
ac_cv_env_WC_value=
ac_cv_env_XARGS_set=
ac_cv_env_XARGS_value=
ac_cv_env_XATTR_set=
ac_cv_env_XATTR_value=
ac_cv_env_XCODEBUILD_set=
ac_cv_env_XCODEBUILD_value=
ac_cv_env_XMKMF_set=
ac_cv_env_XMKMF_value=
ac_cv_env_ZIPEXE_set=
ac_cv_env_ZIPEXE_value=
ac_cv_env_build_alias_set=
ac_cv_env_build_alias_value=
ac_cv_env_host_alias_set=
ac_cv_env_host_alias_value=
ac_cv_env_target_alias_set=
ac_cv_env_target_alias_value=
ac_cv_host=x86_64-pc-wsl
ac_cv_path_BASENAME=/bin/basename
ac_cv_path_DIRNAME=/bin/dirname
ac_cv_path_EGREP='/bin/grep -E'
ac_cv_path_FGREP='/bin/grep -F'
ac_cv_path_FILE=/bin/file
ac_cv_path_GREP=/bin/grep
ac_cv_path_LDD=/bin/ldd
ac_cv_path_SED=/bin/sed
ac_cv_target=x86_64-pc-wsl

## ----------------- ##
## Output variables. ##
## ----------------- ##

ADLC_LANGSTD_CXXFLAGS=''
ADLC_LDFLAGS=''
ALLOW_ABSOLUTE_PATHS_IN_OUTPUT='false'
ALSA_CFLAGS=''
ALSA_LIBS=''
AR=''
ARFLAGS=''
AR_OUT_OPTION=''
AS=''
ASAN_ENABLED=''
ASFLAGS_DEBUG_SYMBOLS=''
AUTOCONF=''
AWK='/bin/gawk'
BASENAME='/bin/basename'
BASH='/bin/bash'
BASH_ARGS=' -o pipefail -e'
BASIC_ASFLAGS=''
BOOTCYCLE_JVM_ARGS_BIG=''
BOOT_JDK='/'
BOOT_JDK_SOURCETARGET=''
BUILDJDK_JAVA_FLAGS_SMALL=''
BUILD_AR=''
BUILD_AS=''
BUILD_CC=''
BUILD_CC_DISABLE_WARNING_PREFIX=''
BUILD_CDS_ARCHIVE=''
BUILD_CXX=''
BUILD_FAILURE_HANDLER=''
BUILD_ICECC=''
BUILD_JDK=''
BUILD_LD=''
BUILD_LDCXX=''
BUILD_MANPAGES=''
BUILD_NM=''
BUILD_OBJCOPY=''
BUILD_STRIP=''
BUILD_SYSROOT_CFLAGS=''
BUILD_SYSROOT_LDFLAGS=''
CACERTS_FILE=''
CAT='/bin/cat'
CC=''
CCACHE=''
CC_OUT_OPTION=''
CC_VERSION_NUMBER=''
CFLAGS=''
CFLAGS_CCACHE=''
CFLAGS_DEBUG_SYMBOLS=''
CFLAGS_JDKEXE=''
CFLAGS_JDKLIB=''
CFLAGS_WARNINGS_ARE_ERRORS=''
CHECK_GMAKE='/bin/gmake'
CHECK_MAKE=''
CHECK_TOOLSDIR_GMAKE=''
CHECK_TOOLSDIR_MAKE=''
CHMOD='/bin/chmod'
CMD='/mnt/c/Windows/System32/cmd.exe'
CMP='/bin/cmp'
CODESIGN=''
COMPANY_NAME='N/A'
COMPILER_BINDCMD_FILE_FLAG=''
COMPILER_COMMAND_FILE_FLAG=''
COMPILER_SUPPORTS_TARGET_BITS_FLAG=''
COMPILER_TARGET_BITS_FLAG=''
COMPILE_TYPE='native'
COMPILE_WITH_DEBUG_SYMBOLS=''
COMPRESS_JARS=''
CONFIGURESUPPORT_OUTPUTDIR='/mnt/c/users/joseo/desktop/ece361g-jdk/build/windows-x86_64-server-release/configure-support'
CONFIGURE_COMMAND_LINE=''
CONFIGURE_START_DIR='/mnt/c/users/joseo/desktop/ece361g-jdk'
CONF_NAME='windows-x86_64-server-release'
COPYRIGHT_YEAR=''
COPY_DEBUG_SYMBOLS=''
CP='/bin/cp'
CPP=''
CPPFLAGS=''
CREATE_BUILDJDK=''
CUPS_CFLAGS=''
CUT='/bin/cut'
CXX=''
CXXCPP=''
CXXFILT=''
CXXFLAGS=''
CXXFLAGS_JDKEXE=''
CXXFLAGS_JDKLIB=''
CXX_O_FLAG_HI=''
CXX_O_FLAG_HIGHEST=''
CXX_O_FLAG_HIGHEST_JVM=''
CXX_O_FLAG_NONE=''
CXX_O_FLAG_NORM=''
CXX_O_FLAG_SIZE=''
CXX_VERSION_NUMBER=''
C_O_FLAG_HI=''
C_O_FLAG_HIGHEST=''
C_O_FLAG_HIGHEST_JVM=''
C_O_FLAG_NONE=''
C_O_FLAG_NORM=''
C_O_FLAG_SIZE=''
DATE='/bin/date'
DATE_WHEN_CONFIGURED='Sat Nov 12 16:50:20 CST 2022'
DEBUG_LEVEL='release'
DEFAULT_LOG=''
DEFAULT_MAKE_TARGET='exploded-image'
DEFINE_CROSS_COMPILE_ARCH=''
DEFS=''
DEVKIT_LIB_DIR=''
DF='/bin/df'
DIFF='/bin/diff'
DIRNAME='/bin/dirname'
DISABLED_WARNINGS=''
DISABLED_WARNINGS_C=''
DISABLED_WARNINGS_CXX=''
DISABLE_WARNING_PREFIX=''
DOCS_REFERENCE_JAVADOC=''
DOT=''
DSYMUTIL=''
DTRACE=''
DUMPBIN=''
ECHO='echo'
ECHO_C=''
ECHO_N='-n'
ECHO_T=''
EGREP='/bin/grep -E'
ENABLE_COMPATIBLE_CDS_ALIGNMENT=''
ENABLE_FULL_DOCS=''
ENABLE_GENERATE_CLASSLIST=''
ENABLE_HEADLESS_ONLY=''
ENABLE_JAVAC_SERVER=''
ENABLE_LIBFFI_BUNDLING=''
ENABLE_LINKTIME_GC=''
ENABLE_PANDOC='false'
ENABLE_REPRODUCIBLE_BUILD=''
EXCLUDE_TRANSLATIONS=''
EXECUTABLE_SUFFIX=''
EXEEXT=''
EXPR='/bin/expr'
EXTERNAL_BUILDJDK=''
EXTRA_ASFLAGS=''
EXTRA_CFLAGS=''
EXTRA_CXXFLAGS=''
EXTRA_LDFLAGS=''
FDLIBM_CFLAGS=''
FGREP='/bin/grep -F'
FILE='/bin/file'
FILE_MACRO_CFLAGS=''
FIND='/bin/find'
FIND_DELETE='-delete'
FIXPATH='/mnt/c/users/joseo/desktop/ece361g-jdk/build/windows-x86_64-server-release/fixpath exec'
FIXPATH_BASE='/mnt/c/users/joseo/desktop/ece361g-jdk/build/windows-x86_64-server-release/fixpath'
FLOCK='/bin/flock'
FONTCONFIG_CFLAGS=''
FREETYPE_CFLAGS=''
FREETYPE_LIBS=''
FREETYPE_TO_USE=''
GCOV_ENABLED=''
GENDEPS_FLAGS=''
GIT='/bin/git'
GNM=''
GREP='/bin/grep'
GTEST_FRAMEWORK_SRC=''
GUNZIP='/bin/gunzip'
GZIP='/bin/gzip'
HARFBUZZ_CFLAGS=''
HARFBUZZ_LIBS=''
HEAD='/bin/head'
HG=''
HOTSPOT_BUILD_CPU='x86_64'
HOTSPOT_BUILD_CPU_ARCH='x86'
HOTSPOT_BUILD_CPU_DEFINE='AMD64'
HOTSPOT_BUILD_LIBC='default'
HOTSPOT_BUILD_OS='windows'
HOTSPOT_BUILD_OS_TYPE='windows'
HOTSPOT_BUILD_TIME=''
HOTSPOT_DEBUG_LEVEL='product'
HOTSPOT_OVERRIDE_LIBPATH=''
HOTSPOT_TARGET_CPU='x86_64'
HOTSPOT_TARGET_CPU_ARCH='x86'
HOTSPOT_TARGET_CPU_DEFINE='AMD64'
HOTSPOT_TARGET_LIBC='default'
HOTSPOT_TARGET_OS='windows'
HOTSPOT_TARGET_OS_TYPE='windows'
HOTSPOT_TOOLCHAIN_TYPE=''
HOTSPOT_VM_DISTRO='OpenJDK'
ICECC=''
ICECC_CMD=''
ICECC_CREATE_ENV=''
ICECC_WRAPPER=''
IMPORT_MODULES_CLASSES=''
IMPORT_MODULES_CMDS=''
IMPORT_MODULES_CONF=''
IMPORT_MODULES_LEGAL=''
IMPORT_MODULES_LIBS=''
IMPORT_MODULES_MAKE=''
IMPORT_MODULES_MAN=''
IMPORT_MODULES_SRC=''
INCLUDE_COMPILER2=''
INCLUDE_JVMCI=''
INCLUDE_SA=''
INSTALL_NAME_TOOL=''
IS_GNU_TIME='no'
JAR=''
JAVA=''
JAVAC=''
JAVAC_CHECK='/bin/javac'
JAVADOC=''
JAVA_CHECK='/bin/java'
JAVA_FLAGS=''
JAVA_FLAGS_BIG=''
JAVA_FLAGS_SMALL=''
JAVA_TOOL_FLAGS_SMALL=''
JCOV_ENABLED=''
JCOV_FILTERS=''
JCOV_HOME=''
JCOV_INPUT_JDK=''
JDKEXE_LIBS=''
JDKLIB_LIBS=''
JDK_ARCH_ABI_PROP_NAME=''
JDK_RC_NAME='OpenJDK Platform'
JDK_RC_PLATFORM_NAME='Platform'
JDK_SOURCE_TARGET_VERSION='17'
JIB_HOME=''
JLINK=''
JLINK_KEEP_PACKAGED_MODULES='true'
JMH_COMMONS_MATH_JAR=''
JMH_CORE_JAR=''
JMH_GENERATOR_JAR=''
JMH_JOPT_SIMPLE_JAR=''
JMH_VERSION=''
JMOD=''
JOBS=''
JTREGEXE=''
JT_HOME=''
JVM_ASFLAGS=''
JVM_CFLAGS=''
JVM_FEATURES_client=''
JVM_FEATURES_core=''
JVM_FEATURES_custom=''
JVM_FEATURES_minimal=''
JVM_FEATURES_server=''
JVM_FEATURES_zero=''
JVM_LDFLAGS=''
JVM_LIBS=''
JVM_VARIANTS='server'
JVM_VARIANT_MAIN='server'
LAUNCHER_NAME='openjdk'
LCMS_CFLAGS=''
LCMS_LIBS=''
LD=''
LDCXX=''
LDD='/bin/ldd'
LDFLAGS=''
LDFLAGS_CXX_JDK=''
LDFLAGS_JDKEXE=''
LDFLAGS_JDKLIB=''
LDFLAGS_TESTEXE=''
LD_OUT_OPTION=''
LIBCXX=''
LIBDL=''
LIBFFI_CFLAGS=''
LIBFFI_LIBS=''
LIBFFI_LIB_FILE=''
LIBM=''
LIBOBJS=''
LIBRARY_PREFIX=''
LIBS=''
LIBZIP_CAN_USE_MMAP=''
LIBZ_CFLAGS=''
LIBZ_LIBS=''
LIPO=''
LN='/bin/ln'
LS='/bin/ls'
LSB_RELEASE='/bin/lsb_release'
LTLIBOBJS=''
MACOSX_BUNDLE_BUILD_VERSION='0'
MACOSX_BUNDLE_ID_BASE='net.java.openjdk-internal'
MACOSX_BUNDLE_NAME_BASE='OpenJDK'
MACOSX_CODESIGN_IDENTITY=''
MACOSX_VERSION_MAX=''
MACOSX_VERSION_MIN=''
MAKE='/bin/gmake'
MEMORY_SIZE=''
METAL=''
METALLIB=''
MIG=''
MKDIR='/bin/mkdir'
MKTEMP='/bin/mktemp'
MSVCP_DLL=''
MSVCR_DLL=''
MT=''
MV='/bin/mv'
NICE='/bin/nice'
NM=''
NUM_CORES=''
OBJCOPY=''
OBJDUMP=''
OBJEXT=''
OBJ_SUFFIX=''
OPENJDK_BUILD_ABI='default'
OPENJDK_BUILD_ADLC_LANGSTD_CXXFLAGS=''
OPENJDK_BUILD_AUTOCONF_NAME='x86_64-pc-wsl'
OPENJDK_BUILD_BUNDLE_PLATFORM='windows-x64'
OPENJDK_BUILD_CFLAGS_JDKEXE=''
OPENJDK_BUILD_CFLAGS_JDKLIB=''
OPENJDK_BUILD_CPU='x86_64'
OPENJDK_BUILD_CPU_ARCH='x86'
OPENJDK_BUILD_CPU_AUTOCONF='x86_64'
OPENJDK_BUILD_CPU_BITS='64'
OPENJDK_BUILD_CPU_ENDIAN='little'
OPENJDK_BUILD_CPU_LEGACY='amd64'
OPENJDK_BUILD_CPU_LEGACY_LIB='amd64'
OPENJDK_BUILD_CPU_OSARCH='amd64'
OPENJDK_BUILD_CXXFLAGS_JDKEXE=''
OPENJDK_BUILD_CXXFLAGS_JDKLIB=''
OPENJDK_BUILD_FDLIBM_CFLAGS=''
OPENJDK_BUILD_JDKLIB_LIBS=''
OPENJDK_BUILD_JVM_ASFLAGS=''
OPENJDK_BUILD_JVM_CFLAGS=''
OPENJDK_BUILD_JVM_LDFLAGS=''
OPENJDK_BUILD_JVM_LIBS=''
OPENJDK_BUILD_LDFLAGS_JDKEXE=''
OPENJDK_BUILD_LDFLAGS_JDKLIB=''
OPENJDK_BUILD_LIBC='default'
OPENJDK_BUILD_OS='windows'
OPENJDK_BUILD_OS_ENV='windows.wsl1'
OPENJDK_BUILD_OS_INCLUDE_SUBDIR='win32'
OPENJDK_BUILD_OS_TYPE='windows'
OPENJDK_MODULE_TARGET_PLATFORM='windows-amd64'
OPENJDK_TARGET_ABI='default'
OPENJDK_TARGET_AUTOCONF_NAME='x86_64-pc-wsl'
OPENJDK_TARGET_BUNDLE_PLATFORM='windows-x64'
OPENJDK_TARGET_CPU='x86_64'
OPENJDK_TARGET_CPU_ARCH='x86'
OPENJDK_TARGET_CPU_AUTOCONF='x86_64'
OPENJDK_TARGET_CPU_BITS='64'
OPENJDK_TARGET_CPU_ENDIAN='little'
OPENJDK_TARGET_CPU_LEGACY='amd64'
OPENJDK_TARGET_CPU_LEGACY_LIB='amd64'
OPENJDK_TARGET_CPU_OSARCH='amd64'
OPENJDK_TARGET_LIBC='default'
OPENJDK_TARGET_OS='windows'
OPENJDK_TARGET_OS_ENV='windows.wsl1'
OPENJDK_TARGET_OS_INCLUDE_SUBDIR='win32'
OPENJDK_TARGET_OS_TYPE='windows'
OPENJDK_TARGET_OS_UPPERCASE='WINDOWS'
ORIGINAL_PATH='/bin:/bin:/usr/local/sbin:/usr/local/bin:/usr/sbin:/usr/bin:/sbin:/bin:/usr/games:/usr/local/games:/mnt/c/Program Files/WindowsApps/CanonicalGroupLimited.Ubuntu_2204.1.7.0_x64__79rhkp1fndgsc:/mnt/c/Python310/Scripts/:/mnt/c/Python310/:/mnt/c/Program Files/nodejs/:/mnt/c/ProgramData/chocolatey/bin:/mnt/c/Windows/System32:/mnt/c/Program Files/Docker/Docker/resources/bin:/mnt/c/Program Files/NVIDIA Corporation/NVIDIA NvDLISR:/mnt/c/Program Files/dotnet/:/mnt/c/Program Files/MySQL/MySQL Shell 8.0/bin/:/mnt/c/Users/JoseO/AppData/Local/Microsoft/WindowsApps:/mnt/c/Users/JoseO/AppData/Local/GitHubDesktop/bin:/mnt/c/Users/JoseO/AppData/Local/atom/bin:/mnt/c/Users/JoseO/AppData/Local/Microsoft/WindowsApps:/mnt/c/Users/JoseO/spicetify-cli:/mnt/c/Users/JoseO/AppData/Local/Programs/Microsoft VS Code/bin:/mnt/c/msys64/mingw64/bin:/mnt/c/Users/JoseO/AppData/Local/spicetify:/mnt/c/Program Files/Java/javacc-7.0.11/scripts:/mnt/c/Users/JoseO/Desktop/javacc/scripts:/mnt/c/Program Files/Java/jdk-19.0.1/bin:/mnt/c/Gradle/gradle-7.5.1/bin:/mnt/c/Users/JoseO/AppData/Roaming/npm:/mnt/c/Program Files/heroku/bin:/snap/bin'
OS_VERSION_MAJOR='4'
OS_VERSION_MICRO='0'
OS_VERSION_MINOR='4'
OTOOL=''
OUTPUTDIR='/mnt/c/users/joseo/desktop/ece361g-jdk/build/windows-x86_64-server-release'
OUTPUT_SYNC='none'
OUTPUT_SYNC_SUPPORTED='true'
PACKAGE_BUGREPORT='build-dev@openjdk.java.net'
PACKAGE_NAME='OpenJDK'
PACKAGE_STRING='OpenJDK openjdk'
PACKAGE_TARNAME='openjdk'
PACKAGE_URL='http://openjdk.java.net'
PACKAGE_VERSION='openjdk'
PANDOC=''
PANDOC_MARKDOWN_FLAG='markdown'
PATCH='/bin/patch'
PATHTOOL='/bin/wslpath'
PATH_SEPARATOR=':'
PKGHANDLER='/bin/apt-get'
PKG_CONFIG=''
PNG_CFLAGS=''
PNG_LIBS=''
POTENTIAL_CC=''
POTENTIAL_CXX=''
PRINTF='printf'
PRODUCT_NAME='OpenJDK'
PRODUCT_SUFFIX='Runtime Environment'
RC=''
RCFLAGS=''
READELF='/bin/readelf'
READLINK='/bin/readlink'
RELEASE_FILE_LIBC='default'
RELEASE_FILE_OS_ARCH='x86_64'
RELEASE_FILE_OS_NAME='Windows'
RM='/bin/rm -f'
RMDIR='/bin/rmdir'
SDKROOT=''
SED='/bin/sed'
SETFILE=''
SET_EXECUTABLE_ORIGIN=''
SET_SHARED_LIBRARY_MAPFILE=''
SET_SHARED_LIBRARY_NAME=''
SET_SHARED_LIBRARY_ORIGIN=''
SH='/bin/sh'
SHARED_LIBRARY=''
SHARED_LIBRARY_FLAGS=''
SHARED_LIBRARY_SUFFIX=''
SHELL='/bin/bash'
SHIP_DEBUG_SYMBOLS=''
SORT='/bin/sort'
SOURCE_DATE=''
SPEC='/mnt/c/users/joseo/desktop/ece361g-jdk/build/windows-x86_64-server-release/spec.gmk'
STAT='/bin/stat'
STATIC_BUILD=''
STATIC_LIBRARY=''
STATIC_LIBRARY_SUFFIX=''
STATIC_LIBS_CFLAGS=''
STRIP=''
STRIPFLAGS=''
SYSROOT_CFLAGS=''
SYSROOT_LDFLAGS=''
TAIL='/bin/tail'
TAR='/bin/tar'
TAR_INCLUDE_PARAM='T'
TAR_SUPPORTS_TRANSFORM='true'
TAR_TYPE='gnu'
TEE='/bin/tee'
TEST_JOBS=''
TIME='time'
TOOLCHAIN_PATH=''
TOOLCHAIN_TYPE=''
TOOLCHAIN_VERSION=''
TOPDIR='/mnt/c/users/joseo/desktop/ece361g-jdk'
TOUCH='/bin/touch'
TR='/bin/tr'
UCRT_DLL_DIR=''
ULIMIT=''
UNAME='/bin/uname'
UNIQ='/bin/uniq'
UNLIMITED_CRYPTO=''
UNZIP='/bin/unzip'
USERNAME='jose'
USE_EXTERNAL_HARFBUZZ=''
USE_EXTERNAL_LCMS=''
USE_EXTERNAL_LIBGIF=''
USE_EXTERNAL_LIBJPEG=''
USE_EXTERNAL_LIBPNG=''
USE_EXTERNAL_LIBZ=''
USE_PRECOMPILED_HEADER=''
VALID_JVM_FEATURES=''
VALID_JVM_VARIANTS='server client minimal core zero custom'
VCRUNTIME_1_DLL=''
VENDOR_URL='https://openjdk.java.net/'
VENDOR_URL_BUG='https://bugreport.java.com/bugreport/'
VENDOR_URL_VM_BUG='https://bugreport.java.com/bugreport/crash.jsp'
VENDOR_VERSION_STRING=''
VERSION_BUILD='0'
VERSION_CLASSFILE_MAJOR='61'
VERSION_CLASSFILE_MINOR='0'
VERSION_DATE='2021-09-14'
VERSION_DOCS_API_SINCE='11'
VERSION_EXTRA1='0'
VERSION_EXTRA2='0'
VERSION_EXTRA3='0'
VERSION_FEATURE='17'
VERSION_INTERIM='0'
VERSION_IS_GA='false'
VERSION_NUMBER='17'
VERSION_NUMBER_FOUR_POSITIONS='17.0.0.0'
VERSION_OPT='adhoc.jose.ece361g-jdk'
VERSION_PATCH='0'
VERSION_PRE='internal'
VERSION_SHORT='17-internal'
VERSION_STRING='17-internal+0-adhoc.jose.ece361g-jdk'
VERSION_UPDATE='0'
WARNINGS_AS_ERRORS=''
WC='/bin/wc'
WINENV_PREFIX='/mnt'
WINENV_ROOT='[unavailable]'
WORKSPACE_ROOT='/mnt/c/users/joseo/desktop/ece361g-jdk'
XARGS='/bin/xargs'
XATTR=''
XCODEBUILD=''
XMKMF=''
X_CFLAGS=''
X_EXTRA_LIBS=''
X_LIBS=''
X_PRE_LIBS=''
ZIPEXE='/bin/zip'
ZIP_EXTERNAL_DEBUG_SYMBOLS=''
ac_ct_CC=''
ac_ct_CXX=''
bindir='${exec_prefix}/bin'
build='x86_64-pc-wsl'
build_alias=''
build_cpu='x86_64'
build_os='wsl'
build_vendor='pc'
datadir='${datarootdir}'
datarootdir='${prefix}/share'
docdir='${datarootdir}/doc/${PACKAGE_TARNAME}'
dvidir='${docdir}'
exec_prefix='NONE'
host='x86_64-pc-wsl'
host_alias=''
host_cpu='x86_64'
host_os='wsl'
host_vendor='pc'
htmldir='${docdir}'
includedir='${prefix}/include'
infodir='${datarootdir}/info'
libdir='${exec_prefix}/lib'
libexecdir='${exec_prefix}/libexec'
localedir='${datarootdir}/locale'
localstatedir='${prefix}/var'
mandir='${datarootdir}/man'
oldincludedir='/usr/include'
pdfdir='${docdir}'
prefix='NONE'
program_transform_name='s,x,x,'
psdir='${docdir}'
runstatedir='${localstatedir}/run'
sbindir='${exec_prefix}/sbin'
sharedstatedir='${prefix}/com'
sysconfdir='${prefix}/etc'
target='x86_64-pc-wsl'
target_alias=''
target_cpu='x86_64'
target_os='wsl'
target_vendor='pc'

## ----------- ##
## confdefs.h. ##
## ----------- ##

/* confdefs.h */
#define PACKAGE_NAME "OpenJDK"
#define PACKAGE_TARNAME "openjdk"
#define PACKAGE_VERSION "openjdk"
#define PACKAGE_STRING "OpenJDK openjdk"
#define PACKAGE_BUGREPORT "build-dev@openjdk.java.net"
#define PACKAGE_URL "http://openjdk.java.net"

configure: exit 1
